2025-11-08T12:58:56.184+08:00  INFO 26236 --- [java-common-features] [main] c.e.JavaCommonFeaturesApplication        : Starting JavaCommonFeaturesApplication using Java 17.0.6 with PID 26236 (E:\java-enterprise-features\target\classes started by 86132 in E:\java-enterprise-features)
2025-11-08T12:58:56.188+08:00 DEBUG 26236 --- [java-common-features] [main] c.e.JavaCommonFeaturesApplication        : Running with Spring Boot v3.2.0, Spring v6.1.1
2025-11-08T12:58:56.190+08:00  INFO 26236 --- [java-common-features] [main] c.e.JavaCommonFeaturesApplication        : The following 1 profile is active: "dev"
2025-11-08T12:58:57.179+08:00  INFO 26236 --- [java-common-features] [main] .s.d.r.c.RepositoryConfigurationDelegate : Multiple Spring Data modules found, entering strict repository configuration mode
2025-11-08T12:58:57.182+08:00  INFO 26236 --- [java-common-features] [main] .s.d.r.c.RepositoryConfigurationDelegate : Bootstrapping Spring Data JPA repositories in DEFAULT mode.
2025-11-08T12:58:57.469+08:00  INFO 26236 --- [java-common-features] [main] .s.d.r.c.RepositoryConfigurationDelegate : Finished Spring Data repository scanning in 280 ms. Found 1 JPA repository interface.
2025-11-08T12:58:57.482+08:00  INFO 26236 --- [java-common-features] [main] .s.d.r.c.RepositoryConfigurationDelegate : Multiple Spring Data modules found, entering strict repository configuration mode
2025-11-08T12:58:57.483+08:00  INFO 26236 --- [java-common-features] [main] .s.d.r.c.RepositoryConfigurationDelegate : Bootstrapping Spring Data Redis repositories in DEFAULT mode.
2025-11-08T12:58:57.497+08:00  INFO 26236 --- [java-common-features] [main] .RepositoryConfigurationExtensionSupport : Spring Data Redis - Could not safely identify store assignment for repository candidate interface com.enterprise.repository.UserRepository; If you want this repository to be a Redis repository, consider annotating your entities with one of these annotations: org.springframework.data.redis.core.RedisHash (preferred), or consider extending one of the following types with your repository: org.springframework.data.keyvalue.repository.KeyValueRepository
2025-11-08T12:58:57.497+08:00  INFO 26236 --- [java-common-features] [main] .s.d.r.c.RepositoryConfigurationDelegate : Finished Spring Data repository scanning in 4 ms. Found 0 Redis repository interfaces.
2025-11-08T12:58:58.217+08:00  INFO 26236 --- [java-common-features] [main] o.s.b.w.embedded.tomcat.TomcatWebServer  : Tomcat initialized with port 8080 (http)
2025-11-08T12:58:58.226+08:00  INFO 26236 --- [java-common-features] [main] o.apache.catalina.core.StandardService   : Starting service [Tomcat]
2025-11-08T12:58:58.226+08:00  INFO 26236 --- [java-common-features] [main] o.apache.catalina.core.StandardEngine    : Starting Servlet engine: [Apache Tomcat/10.1.16]
2025-11-08T12:58:58.287+08:00  INFO 26236 --- [java-common-features] [main] o.a.c.c.C.[Tomcat].[localhost].[/]       : Initializing Spring embedded WebApplicationContext
2025-11-08T12:58:58.287+08:00  INFO 26236 --- [java-common-features] [main] w.s.c.ServletWebServerApplicationContext : Root WebApplicationContext: initialization completed in 2058 ms
2025-11-08T12:58:58.481+08:00  INFO 26236 --- [java-common-features] [main] com.zaxxer.hikari.HikariDataSource       : HikariPool-1 - Starting...
2025-11-08T12:58:58.603+08:00  INFO 26236 --- [java-common-features] [main] com.zaxxer.hikari.pool.HikariPool        : HikariPool-1 - Added connection com.mysql.cj.jdbc.ConnectionImpl@4e3ffd0
2025-11-08T12:58:58.604+08:00  INFO 26236 --- [java-common-features] [main] com.zaxxer.hikari.HikariDataSource       : HikariPool-1 - Start completed.
2025-11-08T12:58:58.722+08:00  INFO 26236 --- [java-common-features] [main] o.hibernate.jpa.internal.util.LogHelper  : HHH000204: Processing PersistenceUnitInfo [name: default]
2025-11-08T12:58:58.791+08:00  INFO 26236 --- [java-common-features] [main] org.hibernate.Version                    : HHH000412: Hibernate ORM core version 6.3.1.Final
2025-11-08T12:58:58.828+08:00  INFO 26236 --- [java-common-features] [main] o.h.c.internal.RegionFactoryInitiator    : HHH000026: Second-level cache disabled
2025-11-08T12:58:59.039+08:00  INFO 26236 --- [java-common-features] [main] o.s.o.j.p.SpringPersistenceUnitInfo      : No LoadTimeWeaver setup: ignoring JPA class transformer
2025-11-08T12:58:59.098+08:00  WARN 26236 --- [java-common-features] [main] org.hibernate.orm.deprecation            : HHH90000025: MySQLDialect does not need to be specified explicitly using 'hibernate.dialect' (remove the property setting and it will be selected by default)
2025-11-08T12:58:59.771+08:00  INFO 26236 --- [java-common-features] [main] o.h.e.t.j.p.i.JtaPlatformInitiator       : HHH000489: No JTA platform available (set 'hibernate.transaction.jta.platform' to enable JTA platform integration)
2025-11-08T12:58:59.809+08:00  INFO 26236 --- [java-common-features] [main] j.LocalContainerEntityManagerFactoryBean : Initialized JPA EntityManagerFactory for persistence unit 'default'
2025-11-08T12:59:00.149+08:00 DEBUG 26236 --- [java-common-features] [main] c.e.security.JwtAuthenticationFilter     : Filter 'jwtAuthenticationFilter' configured for use
2025-11-08T12:59:00.336+08:00  INFO 26236 --- [java-common-features] [main] org.redisson.Version                     : Redisson 3.23.3
2025-11-08T12:59:00.686+08:00  INFO 26236 --- [java-common-features] [redisson-netty-2-5] o.r.c.pool.MasterPubSubConnectionPool    : 1 connections initialized for localhost/127.0.0.1:6379
2025-11-08T12:59:00.741+08:00  INFO 26236 --- [java-common-features] [redisson-netty-2-20] o.r.c.pool.MasterConnectionPool          : 24 connections initialized for localhost/127.0.0.1:6379
2025-11-08T12:59:00.971+08:00  WARN 26236 --- [java-common-features] [main] JpaBaseConfiguration$JpaWebConfiguration : spring.jpa.open-in-view is enabled by default. Therefore, database queries may be performed during view rendering. Explicitly configure spring.jpa.open-in-view to disable this warning
2025-11-08T12:59:01.439+08:00  INFO 26236 --- [java-common-features] [main] o.s.b.a.e.web.EndpointLinksResolver      : Exposing 3 endpoint(s) beneath base path '/actuator'
2025-11-08T12:59:01.498+08:00  INFO 26236 --- [java-common-features] [main] o.s.s.web.DefaultSecurityFilterChain     : Will secure any request with [org.springframework.security.web.session.DisableEncodeUrlFilter@2d8a45a, org.springframework.security.web.context.request.async.WebAsyncManagerIntegrationFilter@774c6111, org.springframework.security.web.context.SecurityContextHolderFilter@5c2fc86, org.springframework.security.web.header.HeaderWriterFilter@1c3dadce, org.springframework.web.filter.CorsFilter@6fb514db, org.springframework.security.web.authentication.logout.LogoutFilter@cec9f23, com.enterprise.security.JwtAuthenticationFilter@5d18a787, org.springframework.security.web.savedrequest.RequestCacheAwareFilter@3bca62d, org.springframework.security.web.servletapi.SecurityContextHolderAwareRequestFilter@e60c516, org.springframework.security.web.authentication.AnonymousAuthenticationFilter@568cc1c5, org.springframework.security.web.session.SessionManagementFilter@338f96f5, org.springframework.security.web.access.ExceptionTranslationFilter@42e74fa3, org.springframework.security.web.access.intercept.AuthorizationFilter@36f291c7]
2025-11-08T12:59:02.136+08:00  INFO 26236 --- [java-common-features] [main] o.s.b.w.embedded.tomcat.TomcatWebServer  : Tomcat started on port 8080 (http) with context path ''
2025-11-08T12:59:02.147+08:00  INFO 26236 --- [java-common-features] [main] c.e.JavaCommonFeaturesApplication        : Started JavaCommonFeaturesApplication in 6.372 seconds (process running for 8.029)
2025-11-08T12:59:39.268+08:00  INFO 26236 --- [java-common-features] [http-nio-8080-exec-2] o.a.c.c.C.[Tomcat].[localhost].[/]       : Initializing Spring DispatcherServlet 'dispatcherServlet'
2025-11-08T12:59:39.268+08:00  INFO 26236 --- [java-common-features] [http-nio-8080-exec-2] o.s.web.servlet.DispatcherServlet        : Initializing Servlet 'dispatcherServlet'
2025-11-08T12:59:39.271+08:00  INFO 26236 --- [java-common-features] [http-nio-8080-exec-2] o.s.web.servlet.DispatcherServlet        : Completed initialization in 3 ms
2025-11-08T12:59:39.359+08:00 ERROR 26236 --- [java-common-features] [http-nio-8080-exec-2] c.enterprise.security.JwtTokenProvider   : JWT令牌已过期
2025-11-08T12:59:39.364+08:00  WARN 26236 --- [java-common-features] [http-nio-8080-exec-2] o.s.w.s.h.HandlerMappingIntrospector     : Cache miss for REQUEST dispatch to '/api/auth/login' (previous null). Performing MatchableHandlerMapping lookup. This is logged once only at WARN level, and every time at TRACE.
2025-11-08T12:59:39.696+08:00  INFO 26236 --- [java-common-features] [http-nio-8080-exec-2] c.e.security.UserDetailsServiceImpl      : 查询到用户：admin
